2015-03-06 13:11:12,976 [main] WARN  o.e.r.i.c.rcp.TypeBindingAnalyzer - Can't handle class org.eclipse.jdt.internal.compiler.ast.IfStatement as parent of completion location.
2015-03-06 20:36:39,928 [main] WARN  o.e.r.i.c.rcp.TypeBindingAnalyzer - Can't handle class org.eclipse.jdt.internal.compiler.ast.IfStatement as parent of completion location.
2015-03-07 22:30:07,571 [main] WARN  o.e.r.i.c.rcp.TypeBindingAnalyzer - Can't handle class org.eclipse.jdt.internal.compiler.ast.IfStatement as parent of completion location.
2015-03-07 22:30:18,604 [main] WARN  o.e.r.i.c.rcp.TypeBindingAnalyzer - Can't handle class org.eclipse.jdt.internal.compiler.ast.IfStatement as parent of completion location.
2015-03-07 22:30:33,861 [main] WARN  o.e.r.i.c.rcp.TypeBindingAnalyzer - Can't handle class org.eclipse.jdt.internal.compiler.ast.IfStatement as parent of completion location.
2015-03-07 22:30:52,509 [main] WARN  o.e.r.i.c.rcp.TypeBindingAnalyzer - Can't handle class org.eclipse.jdt.internal.compiler.ast.IfStatement as parent of completion location.
2015-03-08 00:10:05,324 [main] WARN  o.e.r.i.c.rcp.TypeBindingAnalyzer - Can't handle class org.eclipse.jdt.internal.compiler.ast.IfStatement as parent of completion location.
2015-03-08 10:46:06,599 [main] WARN  o.e.r.i.c.rcp.TypeBindingAnalyzer - Can't handle class org.eclipse.jdt.internal.compiler.ast.IfStatement as parent of completion location.
2015-03-12 21:24:07,232 [main] WARN  o.e.r.i.c.rcp.TypeBindingAnalyzer - Can't handle class org.eclipse.jdt.internal.compiler.ast.IfStatement as parent of completion location.
2015-03-12 22:08:08,546 [main] WARN  o.e.r.i.c.rcp.TypeBindingAnalyzer - Can't handle class org.eclipse.jdt.internal.compiler.ast.IfStatement as parent of completion location.
2015-03-12 22:08:18,333 [main] WARN  o.e.r.i.c.rcp.TypeBindingAnalyzer - Can't handle class org.eclipse.jdt.internal.compiler.ast.IfStatement as parent of completion location.
2015-03-12 22:09:00,474 [main] WARN  o.e.r.i.c.rcp.TypeBindingAnalyzer - Can't handle class org.eclipse.jdt.internal.compiler.ast.IfStatement as parent of completion location.
2015-03-12 22:59:57,646 [main] WARN  o.e.r.i.c.rcp.TypeBindingAnalyzer - Can't handle class org.eclipse.jdt.internal.compiler.ast.WhileStatement as parent of completion location.
2015-03-12 23:00:16,075 [main] WARN  o.e.r.i.c.rcp.TypeBindingAnalyzer - Can't handle class org.eclipse.jdt.internal.compiler.ast.WhileStatement as parent of completion location.
2015-03-13 12:23:53,944 [main] WARN  o.e.r.i.c.rcp.TypeBindingAnalyzer - Can't handle class org.eclipse.jdt.internal.compiler.ast.CombinedBinaryExpression as parent of completion location.
2015-03-20 12:31:27,546 [main] WARN  o.e.r.i.c.rcp.TypeBindingAnalyzer - Can't handle class org.eclipse.jdt.internal.compiler.ast.CastExpression as parent of completion location.
2015-03-20 12:31:32,232 [main] WARN  o.e.r.i.c.rcp.TypeBindingAnalyzer - Can't handle class org.eclipse.jdt.internal.compiler.ast.CastExpression as parent of completion location.
2015-03-24 09:47:55,510 [main] WARN  o.e.r.i.c.rcp.TypeBindingAnalyzer - Can't handle class org.eclipse.jdt.internal.compiler.ast.CastExpression as parent of completion location.
2015-03-24 09:50:58,045 [main] WARN  o.e.r.i.c.rcp.TypeBindingAnalyzer - Can't handle class org.eclipse.jdt.internal.compiler.ast.CastExpression as parent of completion location.
2015-03-24 09:51:08,262 [main] WARN  o.e.r.i.c.rcp.TypeBindingAnalyzer - Can't handle class org.eclipse.jdt.internal.compiler.ast.CastExpression as parent of completion location.
2015-03-24 10:45:28,497 [main] WARN  o.e.r.i.c.rcp.TypeBindingAnalyzer - Can't handle class org.eclipse.jdt.internal.compiler.ast.IfStatement as parent of completion location.
2015-04-10 16:38:46,512 [main] WARN  o.e.r.i.c.rcp.TypeBindingAnalyzer - Can't handle class org.eclipse.jdt.internal.compiler.ast.BinaryExpression as parent of completion location.
2015-04-13 14:57:55,270 [main] WARN  o.e.r.i.c.rcp.TypeBindingAnalyzer - Can't handle class org.eclipse.jdt.internal.compiler.ast.BinaryExpression as parent of completion location.
2015-04-13 14:58:07,675 [main] WARN  o.e.r.i.c.rcp.TypeBindingAnalyzer - Can't handle class org.eclipse.jdt.internal.compiler.ast.BinaryExpression as parent of completion location.
2015-04-13 15:01:55,928 [main] WARN  o.e.r.i.c.rcp.TypeBindingAnalyzer - Can't handle class org.eclipse.jdt.internal.compiler.ast.BinaryExpression as parent of completion location.
2015-04-14 17:37:32,289 [main] WARN  o.e.r.i.c.rcp.TypeBindingAnalyzer - Can't handle class org.eclipse.jdt.internal.compiler.ast.BinaryExpression as parent of completion location.
2015-04-14 17:37:38,478 [main] WARN  o.e.r.i.c.rcp.TypeBindingAnalyzer - Can't handle class org.eclipse.jdt.internal.compiler.ast.BinaryExpression as parent of completion location.
2015-04-15 14:09:10,062 [main] WARN  o.e.r.i.c.rcp.TypeBindingAnalyzer - Can't handle class org.eclipse.jdt.internal.compiler.ast.EqualExpression as parent of completion location.
